  Text.cpp
  Action.cpp
c:\users\павел\documents\visual studio 2010\projects\texteditor\texteditor\action.cpp(6): error C2027: использование неопределенного типа "Text"
          c:\users\павел\documents\visual studio 2010\projects\texteditor\texteditor\action.h(4): см. объявление "Text"
c:\users\павел\documents\visual studio 2010\projects\texteditor\texteditor\action.cpp(6): error C2228: выражение слева от ".GetNumberOfUndoActions" должно представлять класс, структуру или объединение
c:\users\павел\documents\visual studio 2010\projects\texteditor\texteditor\action.cpp(7): error C2027: использование неопределенного типа "Text"
          c:\users\павел\documents\visual studio 2010\projects\texteditor\texteditor\action.h(4): см. объявление "Text"
c:\users\павел\documents\visual studio 2010\projects\texteditor\texteditor\action.cpp(7): error C2228: выражение слева от ".ClearUndoStack" должно представлять класс, структуру или объединение
c:\users\павел\documents\visual studio 2010\projects\texteditor\texteditor\action.cpp(11): error C2027: использование неопределенного типа "Text"
          c:\users\павел\documents\visual studio 2010\projects\texteditor\texteditor\action.h(4): см. объявление "Text"
c:\users\павел\documents\visual studio 2010\projects\texteditor\texteditor\action.cpp(11): error C2228: выражение слева от ".AddAction" должно представлять класс, структуру или объединение
c:\users\павел\documents\visual studio 2010\projects\texteditor\texteditor\action.cpp(18): error C2027: использование неопределенного типа "Text"
          c:\users\павел\documents\visual studio 2010\projects\texteditor\texteditor\action.h(4): см. объявление "Text"
c:\users\павел\documents\visual studio 2010\projects\texteditor\texteditor\action.cpp(18): error C2228: выражение слева от ".DeleteAction" должно представлять класс, структуру или объединение
c:\users\павел\documents\visual studio 2010\projects\texteditor\texteditor\action.cpp(19): error C2027: использование неопределенного типа "Text"
          c:\users\павел\documents\visual studio 2010\projects\texteditor\texteditor\action.h(4): см. объявление "Text"
c:\users\павел\documents\visual studio 2010\projects\texteditor\texteditor\action.cpp(19): error C2228: выражение слева от ".AddUndoAction" должно представлять класс, структуру или объединение
c:\users\павел\documents\visual studio 2010\projects\texteditor\texteditor\action.cpp(23): error C2027: использование неопределенного типа "Text"
          c:\users\павел\documents\visual studio 2010\projects\texteditor\texteditor\action.h(4): см. объявление "Text"
c:\users\павел\documents\visual studio 2010\projects\texteditor\texteditor\action.cpp(23): error C2228: выражение слева от ".GetNumberOfUndoActions" должно представлять класс, структуру или объединение
c:\users\павел\documents\visual studio 2010\projects\texteditor\texteditor\action.cpp(24): error C2027: использование неопределенного типа "Text"
          c:\users\павел\documents\visual studio 2010\projects\texteditor\texteditor\action.h(4): см. объявление "Text"
c:\users\павел\documents\visual studio 2010\projects\texteditor\texteditor\action.cpp(24): error C2228: выражение слева от ".ClearUndoStack" должно представлять класс, структуру или объединение
c:\users\павел\documents\visual studio 2010\projects\texteditor\texteditor\action.cpp(26): error C2027: использование неопределенного типа "Text"
          c:\users\павел\documents\visual studio 2010\projects\texteditor\texteditor\action.h(4): см. объявление "Text"
c:\users\павел\documents\visual studio 2010\projects\texteditor\texteditor\action.cpp(26): error C2228: выражение слева от ".GetSizeOfRow" должно представлять класс, структуру или объединение
c:\users\павел\documents\visual studio 2010\projects\texteditor\texteditor\action.cpp(28): error C2027: использование неопределенного типа "Text"
          c:\users\павел\documents\visual studio 2010\projects\texteditor\texteditor\action.h(4): см. объявление "Text"
c:\users\павел\documents\visual studio 2010\projects\texteditor\texteditor\action.cpp(28): error C2228: выражение слева от ".AddAction" должно представлять класс, структуру или объединение
c:\users\павел\documents\visual studio 2010\projects\texteditor\texteditor\action.cpp(35): error C2027: использование неопределенного типа "Text"
          c:\users\павел\documents\visual studio 2010\projects\texteditor\texteditor\action.h(4): см. объявление "Text"
c:\users\павел\documents\visual studio 2010\projects\texteditor\texteditor\action.cpp(35): error C2228: выражение слева от ".DeleteAction" должно представлять класс, структуру или объединение
c:\users\павел\documents\visual studio 2010\projects\texteditor\texteditor\action.cpp(36): error C2027: использование неопределенного типа "Text"
          c:\users\павел\documents\visual studio 2010\projects\texteditor\texteditor\action.h(4): см. объявление "Text"
c:\users\павел\documents\visual studio 2010\projects\texteditor\texteditor\action.cpp(36): error C2228: выражение слева от ".AddAction" должно представлять класс, структуру или объединение
c:\users\павел\documents\visual studio 2010\projects\texteditor\texteditor\action.cpp(40): error C2027: использование неопределенного типа "Text"
          c:\users\павел\documents\visual studio 2010\projects\texteditor\texteditor\action.h(4): см. объявление "Text"
c:\users\павел\documents\visual studio 2010\projects\texteditor\texteditor\action.cpp(40): error C2228: выражение слева от ".GetNumberOfUndoActions" должно представлять класс, структуру или объединение
c:\users\павел\documents\visual studio 2010\projects\texteditor\texteditor\action.cpp(41): error C2027: использование неопределенного типа "Text"
          c:\users\павел\documents\visual studio 2010\projects\texteditor\texteditor\action.h(4): см. объявление "Text"
c:\users\павел\documents\visual studio 2010\projects\texteditor\texteditor\action.cpp(41): error C2228: выражение слева от ".ClearUndoStack" должно представлять класс, структуру или объединение
c:\users\павел\documents\visual studio 2010\projects\texteditor\texteditor\action.cpp(45): error C2027: использование неопределенного типа "Text"
          c:\users\павел\documents\visual studio 2010\projects\texteditor\texteditor\action.h(4): см. объявление "Text"
c:\users\павел\documents\visual studio 2010\projects\texteditor\texteditor\action.cpp(45): error C2228: выражение слева от ".AddAction" должно представлять класс, структуру или объединение
c:\users\павел\documents\visual studio 2010\projects\texteditor\texteditor\action.cpp(52): error C2027: использование неопределенного типа "Text"
          c:\users\павел\documents\visual studio 2010\projects\texteditor\texteditor\action.h(4): см. объявление "Text"
c:\users\павел\documents\visual studio 2010\projects\texteditor\texteditor\action.cpp(52): error C2228: выражение слева от ".DeleteAction" должно представлять класс, структуру или объединение
c:\users\павел\documents\visual studio 2010\projects\texteditor\texteditor\action.cpp(53): error C2027: использование неопределенного типа "Text"
          c:\users\павел\documents\visual studio 2010\projects\texteditor\texteditor\action.h(4): см. объявление "Text"
c:\users\павел\documents\visual studio 2010\projects\texteditor\texteditor\action.cpp(53): error C2228: выражение слева от ".AddUndoAction" должно представлять класс, структуру или объединение
c:\users\павел\documents\visual studio 2010\projects\texteditor\texteditor\action.cpp(57): error C2027: использование неопределенного типа "Text"
          c:\users\павел\documents\visual studio 2010\projects\texteditor\texteditor\action.h(4): см. объявление "Text"
c:\users\павел\documents\visual studio 2010\projects\texteditor\texteditor\action.cpp(57): error C2228: выражение слева от ".GetNumberOfUndoActions" должно представлять класс, структуру или объединение
c:\users\павел\documents\visual studio 2010\projects\texteditor\texteditor\action.cpp(58): error C2027: использование неопределенного типа "Text"
          c:\users\павел\documents\visual studio 2010\projects\texteditor\texteditor\action.h(4): см. объявление "Text"
c:\users\павел\documents\visual studio 2010\projects\texteditor\texteditor\action.cpp(58): error C2228: выражение слева от ".ClearUndoStack" должно представлять класс, структуру или объединение
c:\users\павел\documents\visual studio 2010\projects\texteditor\texteditor\action.cpp(60): error C2027: использование неопределенного типа "Text"
          c:\users\павел\documents\visual studio 2010\projects\texteditor\texteditor\action.h(4): см. объявление "Text"
c:\users\павел\documents\visual studio 2010\projects\texteditor\texteditor\action.cpp(60): error C2228: выражение слева от ".GetNumberOfRows" должно представлять класс, структуру или объединение
c:\users\павел\documents\visual studio 2010\projects\texteditor\texteditor\action.cpp(62): error C2027: использование неопределенного типа "Text"
          c:\users\павел\documents\visual studio 2010\projects\texteditor\texteditor\action.h(4): см. объявление "Text"
c:\users\павел\documents\visual studio 2010\projects\texteditor\texteditor\action.cpp(62): error C2228: выражение слева от ".AddAction" должно представлять класс, структуру или объединение
c:\users\павел\documents\visual studio 2010\projects\texteditor\texteditor\action.cpp(69): error C2027: использование неопределенного типа "Text"
          c:\users\павел\documents\visual studio 2010\projects\texteditor\texteditor\action.h(4): см. объявление "Text"
c:\users\павел\documents\visual studio 2010\projects\texteditor\texteditor\action.cpp(69): error C2228: выражение слева от ".DeleteAction" должно представлять класс, структуру или объединение
c:\users\павел\documents\visual studio 2010\projects\texteditor\texteditor\action.cpp(70): error C2027: использование неопределенного типа "Text"
          c:\users\павел\documents\visual studio 2010\projects\texteditor\texteditor\action.h(4): см. объявление "Text"
c:\users\павел\documents\visual studio 2010\projects\texteditor\texteditor\action.cpp(70): error C2228: выражение слева от ".AddUndoAction" должно представлять класс, структуру или объединение
c:\users\павел\documents\visual studio 2010\projects\texteditor\texteditor\action.cpp(76): error C2676: бинарный "[": "Text" не определяет этот оператор или преобразование к типу приемлемо к встроенному оператору
c:\users\павел\documents\visual studio 2010\projects\texteditor\texteditor\action.cpp(76): error C2228: выражение слева от ".insert" должно представлять класс, структуру или объединение
c:\users\павел\documents\visual studio 2010\projects\texteditor\texteditor\action.cpp(79): error C2027: использование неопределенного типа "Text"
          c:\users\павел\documents\visual studio 2010\projects\texteditor\texteditor\action.h(4): см. объявление "Text"
c:\users\павел\documents\visual studio 2010\projects\texteditor\texteditor\action.cpp(79): error C2228: выражение слева от ".AddAction" должно представлять класс, структуру или объединение
c:\users\павел\documents\visual studio 2010\projects\texteditor\texteditor\action.cpp(83): error C2027: использование неопределенного типа "Text"
          c:\users\павел\documents\visual studio 2010\projects\texteditor\texteditor\action.h(4): см. объявление "Text"
c:\users\павел\documents\visual studio 2010\projects\texteditor\texteditor\action.cpp(83): error C2228: выражение слева от ".GetNumberOfUndoActions" должно представлять класс, структуру или объединение
c:\users\павел\documents\visual studio 2010\projects\texteditor\texteditor\action.cpp(84): error C2027: использование неопределенного типа "Text"
          c:\users\павел\documents\visual studio 2010\projects\texteditor\texteditor\action.h(4): см. объявление "Text"
c:\users\павел\documents\visual studio 2010\projects\texteditor\texteditor\action.cpp(84): error C2228: выражение слева от ".ClearUndoStack" должно представлять класс, структуру или объединение
c:\users\павел\documents\visual studio 2010\projects\texteditor\texteditor\action.cpp(90): error C2027: использование неопределенного типа "Text"
          c:\users\павел\documents\visual studio 2010\projects\texteditor\texteditor\action.h(4): см. объявление "Text"
c:\users\павел\documents\visual studio 2010\projects\texteditor\texteditor\action.cpp(90): error C2228: выражение слева от ".DeleteAction" должно представлять класс, структуру или объединение
c:\users\павел\documents\visual studio 2010\projects\texteditor\texteditor\action.cpp(91): error C2027: использование неопределенного типа "Text"
          c:\users\павел\documents\visual studio 2010\projects\texteditor\texteditor\action.h(4): см. объявление "Text"
c:\users\павел\documents\visual studio 2010\projects\texteditor\texteditor\action.cpp(91): error C2228: выражение слева от ".AddUndoAction" должно представлять класс, структуру или объединение
c:\users\павел\documents\visual studio 2010\projects\texteditor\texteditor\action.cpp(99): error C2027: использование неопределенного типа "Text"
          c:\users\павел\documents\visual studio 2010\projects\texteditor\texteditor\action.h(4): см. объявление "Text"
c:\users\павел\documents\visual studio 2010\projects\texteditor\texteditor\action.cpp(99): error C2228: выражение слева от ".GetNumberOfUndoActions" должно представлять класс, структуру или объединение
c:\users\павел\documents\visual studio 2010\projects\texteditor\texteditor\action.cpp(100): error C2027: использование неопределенного типа "Text"
          c:\users\павел\documents\visual studio 2010\projects\texteditor\texteditor\action.h(4): см. объявление "Text"
c:\users\павел\documents\visual studio 2010\projects\texteditor\texteditor\action.cpp(100): error C2228: выражение слева от ".ClearUndoStack" должно представлять класс, структуру или объединение
c:\users\павел\documents\visual studio 2010\projects\texteditor\texteditor\action.cpp(102): error C2027: использование неопределенного типа "Text"
          c:\users\павел\documents\visual studio 2010\projects\texteditor\texteditor\action.h(4): см. объявление "Text"
c:\users\павел\documents\visual studio 2010\projects\texteditor\texteditor\action.cpp(102): error C2228: выражение слева от ".GetSizeOfRow" должно представлять класс, структуру или объединение
c:\users\павел\documents\visual studio 2010\projects\texteditor\texteditor\action.cpp(103): error C2676: бинарный "[": "Text" не определяет этот оператор или преобразование к типу приемлемо к встроенному оператору
c:\users\павел\documents\visual studio 2010\projects\texteditor\texteditor\action.cpp(104): error C2676: бинарный "[": "Text" не определяет этот оператор или преобразование к типу приемлемо к встроенному оператору
c:\users\павел\documents\visual studio 2010\projects\texteditor\texteditor\action.cpp(104): error C2228: выражение слева от ".erase" должно представлять класс, структуру или объединение
c:\users\павел\documents\visual studio 2010\projects\texteditor\texteditor\action.cpp(105): error C2027: использование неопределенного типа "Text"
          c:\users\павел\documents\visual studio 2010\projects\texteditor\texteditor\action.h(4): см. объявление "Text"
c:\users\павел\documents\visual studio 2010\projects\texteditor\texteditor\action.cpp(105): error C2228: выражение слева от ".AddAction" должно представлять класс, структуру или объединение
c:\users\павел\documents\visual studio 2010\projects\texteditor\texteditor\action.cpp(112): error C2027: использование неопределенного типа "Text"
          c:\users\павел\documents\visual studio 2010\projects\texteditor\texteditor\action.h(4): см. объявление "Text"
c:\users\павел\documents\visual studio 2010\projects\texteditor\texteditor\action.cpp(112): error C2228: выражение слева от ".DeleteAction" должно представлять класс, структуру или объединение
c:\users\павел\documents\visual studio 2010\projects\texteditor\texteditor\action.cpp(113): error C2027: использование неопределенного типа "Text"
          c:\users\павел\documents\visual studio 2010\projects\texteditor\texteditor\action.h(4): см. объявление "Text"
c:\users\павел\documents\visual studio 2010\projects\texteditor\texteditor\action.cpp(113): error C2228: выражение слева от ".AddUndoAction" должно представлять класс, структуру или объединение
c:\users\павел\documents\visual studio 2010\projects\texteditor\texteditor\action.cpp(117): error C2027: использование неопределенного типа "Text"
          c:\users\павел\documents\visual studio 2010\projects\texteditor\texteditor\action.h(4): см. объявление "Text"
c:\users\павел\documents\visual studio 2010\projects\texteditor\texteditor\action.cpp(117): error C2228: выражение слева от ".GetNumberOfUndoActions" должно представлять класс, структуру или объединение
c:\users\павел\documents\visual studio 2010\projects\texteditor\texteditor\action.cpp(118): error C2027: использование неопределенного типа "Text"
          c:\users\павел\documents\visual studio 2010\projects\texteditor\texteditor\action.h(4): см. объявление "Text"
c:\users\павел\documents\visual studio 2010\projects\texteditor\texteditor\action.cpp(118): error C2228: выражение слева от ".ClearUndoStack" должно представлять класс, структуру или объединение
c:\users\павел\documents\visual studio 2010\projects\texteditor\texteditor\action.cpp(120): error C2027: использование неопределенного типа "Text"
          c:\users\павел\documents\visual studio 2010\projects\texteditor\texteditor\action.h(4): см. объявление "Text"
c:\users\павел\documents\visual studio 2010\projects\texteditor\texteditor\action.cpp(120): error C2228: выражение слева от ".GetNumberOfActions" должно представлять класс, структуру или объединение
c:\users\павел\documents\visual studio 2010\projects\texteditor\texteditor\action.cpp(121): error C2027: использование неопределенного типа "Text"
          c:\users\павел\documents\visual studio 2010\projects\texteditor\texteditor\action.h(4): см. объявление "Text"
c:\users\павел\documents\visual studio 2010\projects\texteditor\texteditor\action.cpp(121): error C2228: выражение слева от ".GetLastAction" должно представлять класс, структуру или объединение
c:\users\павел\documents\visual studio 2010\projects\texteditor\texteditor\action.cpp(131): error C2027: использование неопределенного типа "Text"
          c:\users\павел\documents\visual studio 2010\projects\texteditor\texteditor\action.h(4): см. объявление "Text"
c:\users\павел\documents\visual studio 2010\projects\texteditor\texteditor\action.cpp(131): error C2228: выражение слева от ".GetNumberOfUndoActions" должно представлять класс, структуру или объединение
c:\users\павел\documents\visual studio 2010\projects\texteditor\texteditor\action.cpp(132): error C2027: использование неопределенного типа "Text"
          c:\users\павел\documents\visual studio 2010\projects\texteditor\texteditor\action.h(4): см. объявление "Text"
c:\users\павел\documents\visual studio 2010\projects\texteditor\texteditor\action.cpp(132): error C2228: выражение слева от ".GetLastUndoAction" должно представлять класс, структуру или объединение
c:\users\павел\documents\visual studio 2010\projects\texteditor\texteditor\action.cpp(134): error C2027: использование неопределенного типа "Text"
          c:\users\павел\documents\visual studio 2010\projects\texteditor\texteditor\action.h(4): см. объявление "Text"
c:\users\павел\documents\visual studio 2010\projects\texteditor\texteditor\action.cpp(134): error C2228: выражение слева от ".DeleteUndoAction" должно представлять класс, структуру или объединение
  Создание кода...
c:\users\павел\documents\visual studio 2010\projects\texteditor\texteditor\text.cpp(70): error C4716: operator<<: должна возвращать значение
